# JRE version: OpenJDK Runtime Environment (8.0_242-b01) (build 1.8.0_242-release-1644-b01)
# Java VM: OpenJDK 64-Bit Server VM (25.242-b01 mixed mode windows-amd64 compressed oops)
Heap:
 PSYoungGen      total 136192K, used 37383K [0x00000000d5580000, 0x00000000ddf80000, 0x0000000100000000)
  eden space 131072K, 28% used [0x00000000d5580000,0x00000000d7a01f68,0x00000000dd580000)
  from space 5120K, 0% used [0x00000000dd580000,0x00000000dd580000,0x00000000dda80000)
  to   space 5120K, 0% used [0x00000000dda80000,0x00000000dda80000,0x00000000ddf80000)
 ParOldGen       total 57344K, used 21559K [0x0000000080000000, 0x0000000083800000, 0x00000000d5580000)
  object space 57344K, 37% used [0x0000000080000000,0x000000008150ddc0,0x0000000083800000)
 Metaspace       used 36519K, capacity 37598K, committed 37808K, reserved 1081344K
  class space    used 4851K, capacity 5169K, committed 5296K, reserved 1048576K
GC Heap History (10 events):
Event: 1.838 GC heap before
{Heap before GC invocations=5 (full 0):
 PSYoungGen      total 136192K, used 12118K [0x00000000d5580000, 0x00000000ddf80000, 0x0000000100000000)
  eden space 131072K, 5% used [0x00000000d5580000,0x00000000d5c59ac0,0x00000000dd580000)
  from space 5120K, 99% used [0x00000000dda80000,0x00000000ddf7c030,0x00000000ddf80000)
  to   space 5120K, 0% used [0x00000000dd580000,0x00000000dd580000,0x00000000dda80000)
 ParOldGen       total 86016K, used 11601K [0x0000000080000000, 0x0000000085400000, 0x00000000d5580000)
  object space 86016K, 13% used [0x0000000080000000,0x0000000080b54478,0x0000000085400000)
 Metaspace       used 20561K, capacity 21218K, committed 21296K, reserved 1067008K
  class space    used 2891K, capacity 3093K, committed 3120K, reserved 1048576K
Event: 1.842 GC heap after
Heap after GC invocations=5 (full 0):
 PSYoungGen      total 136192K, used 5088K [0x00000000d5580000, 0x00000000ddf80000, 0x0000000100000000)
  eden space 131072K, 0% used [0x00000000d5580000,0x00000000d5580000,0x00000000dd580000)
  from space 5120K, 99% used [0x00000000dd580000,0x00000000dda78040,0x00000000dda80000)
  to   space 5120K, 0% used [0x00000000dda80000,0x00000000dda80000,0x00000000ddf80000)
 ParOldGen       total 86016K, used 12056K [0x0000000080000000, 0x0000000085400000, 0x00000000d5580000)
  object space 86016K, 14% used [0x0000000080000000,0x0000000080bc6208,0x0000000085400000)
 Metaspace       used 20561K, capacity 21218K, committed 21296K, reserved 1067008K
  class space    used 2891K, capacity 3093K, committed 3120K, reserved 1048576K
}
Event: 1.842 GC heap before
{Heap before GC invocations=6 (full 1):
 PSYoungGen      total 136192K, used 5088K [0x00000000d5580000, 0x00000000ddf80000, 0x0000000100000000)
  eden space 131072K, 0% used [0x00000000d5580000,0x00000000d5580000,0x00000000dd580000)
  from space 5120K, 99% used [0x00000000dd580000,0x00000000dda78040,0x00000000dda80000)
  to   space 5120K, 0% used [0x00000000dda80000,0x00000000dda80000,0x00000000ddf80000)
 ParOldGen       total 86016K, used 12056K [0x0000000080000000, 0x0000000085400000, 0x00000000d5580000)
  object space 86016K, 14% used [0x0000000080000000,0x0000000080bc6208,0x0000000085400000)
 Metaspace       used 20561K, capacity 21218K, committed 21296K, reserved 1067008K
  class space    used 2891K, capacity 3093K, committed 3120K, reserved 1048576K
Event: 1.866 GC heap after
Heap after GC invocations=6 (full 1):
 PSYoungGen      total 136192K, used 0K [0x00000000d5580000, 0x00000000ddf80000, 0x0000000100000000)
  eden space 131072K, 0% used [0x00000000d5580000,0x00000000d5580000,0x00000000dd580000)
  from space 5120K, 0% used [0x00000000dd580000,0x00000000dd580000,0x00000000dda80000)
  to   space 5120K, 0% used [0x00000000dda80000,0x00000000dda80000,0x00000000ddf80000)
 ParOldGen       total 57344K, used 7982K [0x0000000080000000, 0x0000000083800000, 0x00000000d5580000)
  object space 57344K, 13% used [0x0000000080000000,0x00000000807cb988,0x0000000083800000)
 Metaspace       used 20561K, capacity 21218K, committed 21296K, reserved 1067008K
  class space    used 2891K, capacity 3093K, committed 3120K, reserved 1048576K
}
Event: 2.663 GC heap before
{Heap before GC invocations=7 (full 1):
 PSYoungGen      total 136192K, used 131072K [0x00000000d5580000, 0x00000000ddf80000, 0x0000000100000000)
  eden space 131072K, 100% used [0x00000000d5580000,0x00000000dd580000,0x00000000dd580000)
  from space 5120K, 0% used [0x00000000dd580000,0x00000000dd580000,0x00000000dda80000)
  to   space 5120K, 0% used [0x00000000dda80000,0x00000000dda80000,0x00000000ddf80000)
 ParOldGen       total 57344K, used 7982K [0x0000000080000000, 0x0000000083800000, 0x00000000d5580000)
  object space 57344K, 13% used [0x0000000080000000,0x00000000807cb988,0x0000000083800000)
 Metaspace       used 32702K, capacity 33570K, committed 33712K, reserved 1079296K
  class space    used 4433K, capacity 4713K, committed 4784K, reserved 1048576K
Event: 2.671 GC heap after
Heap after GC invocations=7 (full 1):
 PSYoungGen      total 136192K, used 5116K [0x00000000d5580000, 0x00000000ddf80000, 0x0000000100000000)
  eden space 131072K, 0% used [0x00000000d5580000,0x00000000d5580000,0x00000000dd580000)
  from space 5120K, 99% used [0x00000000dda80000,0x00000000ddf7f110,0x00000000ddf80000)
  to   space 5120K, 0% used [0x00000000dd580000,0x00000000dd580000,0x00000000dda80000)
 ParOldGen       total 57344K, used 16523K [0x0000000080000000, 0x0000000083800000, 0x00000000d5580000)
  object space 57344K, 28% used [0x0000000080000000,0x0000000081022d48,0x0000000083800000)
 Metaspace       used 32702K, capacity 33570K, committed 33712K, reserved 1079296K
  class space    used 4433K, capacity 4713K, committed 4784K, reserved 1048576K
}
Event: 2.826 GC heap before
{Heap before GC invocations=8 (full 1):
 PSYoungGen      total 136192K, used 28007K [0x00000000d5580000, 0x00000000ddf80000, 0x0000000100000000)
  eden space 131072K, 17% used [0x00000000d5580000,0x00000000d6bdab78,0x00000000dd580000)
  from space 5120K, 99% used [0x00000000dda80000,0x00000000ddf7f110,0x00000000ddf80000)
  to   space 5120K, 0% used [0x00000000dd580000,0x00000000dd580000,0x00000000dda80000)
 ParOldGen       total 57344K, used 16523K [0x0000000080000000, 0x0000000083800000, 0x00000000d5580000)
  object space 57344K, 28% used [0x0000000080000000,0x0000000081022d48,0x0000000083800000)
 Metaspace       used 34560K, capacity 35374K, committed 35496K, reserved 1079296K
  class space    used 4595K, capacity 4843K, committed 4912K, reserved 1048576K
Event: 2.832 GC heap after
Heap after GC invocations=8 (full 1):
 PSYoungGen      total 136192K, used 5104K [0x00000000d5580000, 0x00000000ddf80000, 0x0000000100000000)
  eden space 131072K, 0% used [0x00000000d5580000,0x00000000d5580000,0x00000000dd580000)
  from space 5120K, 99% used [0x00000000dd580000,0x00000000dda7c010,0x00000000dda80000)
  to   space 5120K, 0% used [0x00000000dda80000,0x00000000dda80000,0x00000000ddf80000)
 ParOldGen       total 57344K, used 19270K [0x0000000080000000, 0x0000000083800000, 0x00000000d5580000)
  object space 57344K, 33% used [0x0000000080000000,0x00000000812d1820,0x0000000083800000)
 Metaspace       used 34560K, capacity 35374K, committed 35496K, reserved 1079296K
  class space    used 4595K, capacity 4843K, committed 4912K, reserved 1048576K
}
Event: 2.832 GC heap before
{Heap before GC invocations=9 (full 2):
 PSYoungGen      total 136192K, used 5104K [0x00000000d5580000, 0x00000000ddf80000, 0x0000000100000000)
  eden space 131072K, 0% used [0x00000000d5580000,0x00000000d5580000,0x00000000dd580000)
  from space 5120K, 99% used [0x00000000dd580000,0x00000000dda7c010,0x00000000dda80000)
  to   space 5120K, 0% used [0x00000000dda80000,0x00000000dda80000,0x00000000ddf80000)
 ParOldGen       total 57344K, used 19270K [0x0000000080000000, 0x0000000083800000, 0x00000000d5580000)
  object space 57344K, 33% used [0x0000000080000000,0x00000000812d1820,0x0000000083800000)
 Metaspace       used 34560K, capacity 35374K, committed 35496K, reserved 1079296K
  class space    used 4595K, capacity 4843K, committed 4912K, reserved 1048576K
Event: 2.900 GC heap after
Heap after GC invocations=9 (full 2):
 PSYoungGen      total 136192K, used 0K [0x00000000d5580000, 0x00000000ddf80000, 0x0000000100000000)
  eden space 131072K, 0% used [0x00000000d5580000,0x00000000d5580000,0x00000000dd580000)
  from space 5120K, 0% used [0x00000000dd580000,0x00000000dd580000,0x00000000dda80000)
  to   space 5120K, 0% used [0x00000000dda80000,0x00000000dda80000,0x00000000ddf80000)
 ParOldGen       total 57344K, used 21559K [0x0000000080000000, 0x0000000083800000, 0x00000000d5580000)
  object space 57344K, 37% used [0x0000000080000000,0x000000008150ddc0,0x0000000083800000)
 Metaspace       used 34560K, capacity 35374K, committed 35496K, reserved 1079296K
  class space    used 4595K, capacity 4843K, committed 4912K, reserved 1048576K
}

