# JRE version: OpenJDK Runtime Environment (8.0_242-b01) (build 1.8.0_242-release-1644-b01)
# Java VM: OpenJDK 64-Bit Server VM (25.242-b01 mixed mode windows-amd64 compressed oops)
Heap:
 PSYoungGen      total 665088K, used 172106K [0x00000000d5580000, 0x0000000100000000, 0x0000000100000000)
  eden space 636416K, 22% used [0x00000000d5580000,0x00000000de193bf8,0x00000000fc300000)
  from space 28672K, 99% used [0x00000000fc300000,0x00000000fdefef70,0x00000000fdf00000)
  to   space 33792K, 0% used [0x00000000fdf00000,0x00000000fdf00000,0x0000000100000000)
 ParOldGen       total 212992K, used 161889K [0x0000000080000000, 0x000000008d000000, 0x00000000d5580000)
  object space 212992K, 76% used [0x0000000080000000,0x0000000089e18690,0x000000008d000000)
 Metaspace       used 87122K, capacity 91098K, committed 94888K, reserved 1130496K
  class space    used 11374K, capacity 12112K, committed 12968K, reserved 1048576K
GC Heap History (10 events):
Event: 13.487 GC heap before
{Heap before GC invocations=27 (full 4):
 PSYoungGen      total 584704K, used 558018K [0x00000000d5580000, 0x00000000fb180000, 0x0000000100000000)
  eden space 549888K, 100% used [0x00000000d5580000,0x00000000f6e80000,0x00000000f6e80000)
  from space 34816K, 23% used [0x00000000f8f80000,0x00000000f9770840,0x00000000fb180000)
  to   space 33792K, 0% used [0x00000000f6e80000,0x00000000f6e80000,0x00000000f8f80000)
 ParOldGen       total 212992K, used 117895K [0x0000000080000000, 0x000000008d000000, 0x00000000d5580000)
  object space 212992K, 55% used [0x0000000080000000,0x0000000087321c50,0x000000008d000000)
 Metaspace       used 81651K, capacity 85238K, committed 89896K, reserved 1126400K
  class space    used 10855K, capacity 11530K, committed 12584K, reserved 1048576K
Event: 13.499 GC heap after
Heap after GC invocations=27 (full 4):
 PSYoungGen      total 583680K, used 8776K [0x00000000d5580000, 0x00000000ffc00000, 0x0000000100000000)
  eden space 549888K, 0% used [0x00000000d5580000,0x00000000d5580000,0x00000000f6e80000)
  from space 33792K, 25% used [0x00000000f6e80000,0x00000000f7712170,0x00000000f8f80000)
  to   space 32256K, 0% used [0x00000000fdc80000,0x00000000fdc80000,0x00000000ffc00000)
 ParOldGen       total 212992K, used 121466K [0x0000000080000000, 0x000000008d000000, 0x00000000d5580000)
  object space 212992K, 57% used [0x0000000080000000,0x000000008769e9e8,0x000000008d000000)
 Metaspace       used 81651K, capacity 85238K, committed 89896K, reserved 1126400K
  class space    used 10855K, capacity 11530K, committed 12584K, reserved 1048576K
}
Event: 13.883 GC heap before
{Heap before GC invocations=28 (full 4):
 PSYoungGen      total 583680K, used 558664K [0x00000000d5580000, 0x00000000ffc00000, 0x0000000100000000)
  eden space 549888K, 100% used [0x00000000d5580000,0x00000000f6e80000,0x00000000f6e80000)
  from space 33792K, 25% used [0x00000000f6e80000,0x00000000f7712170,0x00000000f8f80000)
  to   space 32256K, 0% used [0x00000000fdc80000,0x00000000fdc80000,0x00000000ffc00000)
 ParOldGen       total 212992K, used 121466K [0x0000000080000000, 0x000000008d000000, 0x00000000d5580000)
  object space 212992K, 57% used [0x0000000080000000,0x000000008769e9e8,0x000000008d000000)
 Metaspace       used 81778K, capacity 85328K, committed 89896K, reserved 1126400K
  class space    used 10855K, capacity 11531K, committed 12584K, reserved 1048576K
Event: 13.900 GC heap after
Heap after GC invocations=28 (full 4):
 PSYoungGen      total 663040K, used 15067K [0x00000000d5580000, 0x00000000ffd80000, 0x0000000100000000)
  eden space 630784K, 0% used [0x00000000d5580000,0x00000000d5580000,0x00000000fbd80000)
  from space 32256K, 46% used [0x00000000fdc80000,0x00000000feb36c50,0x00000000ffc00000)
  to   space 31744K, 0% used [0x00000000fbd80000,0x00000000fbd80000,0x00000000fdc80000)
 ParOldGen       total 212992K, used 126511K [0x0000000080000000, 0x000000008d000000, 0x00000000d5580000)
  object space 212992K, 59% used [0x0000000080000000,0x0000000087b8bd30,0x000000008d000000)
 Metaspace       used 81778K, capacity 85328K, committed 89896K, reserved 1126400K
  class space    used 10855K, capacity 11531K, committed 12584K, reserved 1048576K
}
Event: 14.373 GC heap before
{Heap before GC invocations=29 (full 4):
 PSYoungGen      total 663040K, used 645851K [0x00000000d5580000, 0x00000000ffd80000, 0x0000000100000000)
  eden space 630784K, 100% used [0x00000000d5580000,0x00000000fbd80000,0x00000000fbd80000)
  from space 32256K, 46% used [0x00000000fdc80000,0x00000000feb36c50,0x00000000ffc00000)
  to   space 31744K, 0% used [0x00000000fbd80000,0x00000000fbd80000,0x00000000fdc80000)
 ParOldGen       total 212992K, used 126511K [0x0000000080000000, 0x000000008d000000, 0x00000000d5580000)
  object space 212992K, 59% used [0x0000000080000000,0x0000000087b8bd30,0x000000008d000000)
 Metaspace       used 82364K, capacity 85966K, committed 90408K, reserved 1126400K
  class space    used 10910K, capacity 11590K, committed 12584K, reserved 1048576K
Event: 14.402 GC heap after
Heap after GC invocations=29 (full 4):
 PSYoungGen      total 662528K, used 10291K [0x00000000d5580000, 0x00000000ffc80000, 0x0000000100000000)
  eden space 630784K, 0% used [0x00000000d5580000,0x00000000d5580000,0x00000000fbd80000)
  from space 31744K, 32% used [0x00000000fbd80000,0x00000000fc78cf50,0x00000000fdc80000)
  to   space 30208K, 0% used [0x00000000fdf00000,0x00000000fdf00000,0x00000000ffc80000)
 ParOldGen       total 212992K, used 138012K [0x0000000080000000, 0x000000008d000000, 0x00000000d5580000)
  object space 212992K, 64% used [0x0000000080000000,0x00000000886c73a8,0x000000008d000000)
 Metaspace       used 82364K, capacity 85966K, committed 90408K, reserved 1126400K
  class space    used 10910K, capacity 11590K, committed 12584K, reserved 1048576K
}
Event: 15.162 GC heap before
{Heap before GC invocations=30 (full 4):
 PSYoungGen      total 662528K, used 641075K [0x00000000d5580000, 0x00000000ffc80000, 0x0000000100000000)
  eden space 630784K, 100% used [0x00000000d5580000,0x00000000fbd80000,0x00000000fbd80000)
  from space 31744K, 32% used [0x00000000fbd80000,0x00000000fc78cf50,0x00000000fdc80000)
  to   space 30208K, 0% used [0x00000000fdf00000,0x00000000fdf00000,0x00000000ffc80000)
 ParOldGen       total 212992K, used 138012K [0x0000000080000000, 0x000000008d000000, 0x00000000d5580000)
  object space 212992K, 64% used [0x0000000080000000,0x00000000886c73a8,0x000000008d000000)
 Metaspace       used 83561K, capacity 87336K, committed 91560K, reserved 1128448K
  class space    used 11054K, capacity 11737K, committed 12712K, reserved 1048576K
Event: 15.173 GC heap after
Heap after GC invocations=30 (full 4):
 PSYoungGen      total 665600K, used 9539K [0x00000000d5580000, 0x00000000ffb80000, 0x0000000100000000)
  eden space 636416K, 0% used [0x00000000d5580000,0x00000000d5580000,0x00000000fc300000)
  from space 29184K, 32% used [0x00000000fdf00000,0x00000000fe850f28,0x00000000ffb80000)
  to   space 28672K, 0% used [0x00000000fc300000,0x00000000fc300000,0x00000000fdf00000)
 ParOldGen       total 212992K, used 143007K [0x0000000080000000, 0x000000008d000000, 0x00000000d5580000)
  object space 212992K, 67% used [0x0000000080000000,0x0000000088ba7f18,0x000000008d000000)
 Metaspace       used 83561K, capacity 87336K, committed 91560K, reserved 1128448K
  class space    used 11054K, capacity 11737K, committed 12712K, reserved 1048576K
}
Event: 17.057 GC heap before
{Heap before GC invocations=31 (full 4):
 PSYoungGen      total 665600K, used 645955K [0x00000000d5580000, 0x00000000ffb80000, 0x0000000100000000)
  eden space 636416K, 100% used [0x00000000d5580000,0x00000000fc300000,0x00000000fc300000)
  from space 29184K, 32% used [0x00000000fdf00000,0x00000000fe850f28,0x00000000ffb80000)
  to   space 28672K, 0% used [0x00000000fc300000,0x00000000fc300000,0x00000000fdf00000)
 ParOldGen       total 212992K, used 143007K [0x0000000080000000, 0x000000008d000000, 0x00000000d5580000)
  object space 212992K, 67% used [0x0000000080000000,0x0000000088ba7f18,0x000000008d000000)
 Metaspace       used 86884K, capacity 90776K, committed 94632K, reserved 1130496K
  class space    used 11355K, capacity 12103K, committed 12968K, reserved 1048576K
Event: 17.107 GC heap after
Heap after GC invocations=31 (full 4):
 PSYoungGen      total 665088K, used 28667K [0x00000000d5580000, 0x0000000100000000, 0x0000000100000000)
  eden space 636416K, 0% used [0x00000000d5580000,0x00000000d5580000,0x00000000fc300000)
  from space 28672K, 99% used [0x00000000fc300000,0x00000000fdefef70,0x00000000fdf00000)
  to   space 33792K, 0% used [0x00000000fdf00000,0x00000000fdf00000,0x0000000100000000)
 ParOldGen       total 212992K, used 161889K [0x0000000080000000, 0x000000008d000000, 0x00000000d5580000)
  object space 212992K, 76% used [0x0000000080000000,0x0000000089e18690,0x000000008d000000)
 Metaspace       used 86884K, capacity 90776K, committed 94632K, reserved 1130496K
  class space    used 11355K, capacity 12103K, committed 12968K, reserved 1048576K
}

