# JRE version: OpenJDK Runtime Environment (8.0_242-b01) (build 1.8.0_242-release-1644-b01)
# Java VM: OpenJDK 64-Bit Server VM (25.242-b01 mixed mode windows-amd64 compressed oops)
Heap:
 PSYoungGen      total 70656K, used 33872K [0x00000000d5580000, 0x00000000d9f80000, 0x0000000100000000)
  eden space 65536K, 51% used [0x00000000d5580000,0x00000000d7694000,0x00000000d9580000)
  from space 5120K, 0% used [0x00000000d9580000,0x00000000d9580000,0x00000000d9a80000)
  to   space 5120K, 0% used [0x00000000d9a80000,0x00000000d9a80000,0x00000000d9f80000)
 ParOldGen       total 74240K, used 15024K [0x0000000080000000, 0x0000000084880000, 0x00000000d5580000)
  object space 74240K, 20% used [0x0000000080000000,0x0000000080eac358,0x0000000084880000)
 Metaspace       used 36131K, capacity 37180K, committed 37296K, reserved 1081344K
  class space    used 4771K, capacity 5036K, committed 5040K, reserved 1048576K
GC Heap History (10 events):
Event: 1.955 GC heap before
{Heap before GC invocations=7 (full 1):
 PSYoungGen      total 70656K, used 5104K [0x00000000d5580000, 0x00000000d9f80000, 0x0000000100000000)
  eden space 65536K, 0% used [0x00000000d5580000,0x00000000d5580000,0x00000000d9580000)
  from space 5120K, 99% used [0x00000000d9a80000,0x00000000d9f7c020,0x00000000d9f80000)
  to   space 5120K, 0% used [0x00000000d9580000,0x00000000d9580000,0x00000000d9a80000)
 ParOldGen       total 86016K, used 11287K [0x0000000080000000, 0x0000000085400000, 0x00000000d5580000)
  object space 86016K, 13% used [0x0000000080000000,0x0000000080b05d28,0x0000000085400000)
 Metaspace       used 20572K, capacity 21214K, committed 21296K, reserved 1067008K
  class space    used 2892K, capacity 3093K, committed 3120K, reserved 1048576K
Event: 1.979 GC heap after
Heap after GC invocations=7 (full 1):
 PSYoungGen      total 70656K, used 0K [0x00000000d5580000, 0x00000000d9f80000, 0x0000000100000000)
  eden space 65536K, 0% used [0x00000000d5580000,0x00000000d5580000,0x00000000d9580000)
  from space 5120K, 0% used [0x00000000d9a80000,0x00000000d9a80000,0x00000000d9f80000)
  to   space 5120K, 0% used [0x00000000d9580000,0x00000000d9580000,0x00000000d9a80000)
 ParOldGen       total 53248K, used 7810K [0x0000000080000000, 0x0000000083400000, 0x00000000d5580000)
  object space 53248K, 14% used [0x0000000080000000,0x00000000807a0b20,0x0000000083400000)
 Metaspace       used 20572K, capacity 21214K, committed 21296K, reserved 1067008K
  class space    used 2892K, capacity 3093K, committed 3120K, reserved 1048576K
}
Event: 2.398 GC heap before
{Heap before GC invocations=8 (full 1):
 PSYoungGen      total 70656K, used 65536K [0x00000000d5580000, 0x00000000d9f80000, 0x0000000100000000)
  eden space 65536K, 100% used [0x00000000d5580000,0x00000000d9580000,0x00000000d9580000)
  from space 5120K, 0% used [0x00000000d9a80000,0x00000000d9a80000,0x00000000d9f80000)
  to   space 5120K, 0% used [0x00000000d9580000,0x00000000d9580000,0x00000000d9a80000)
 ParOldGen       total 53248K, used 7810K [0x0000000080000000, 0x0000000083400000, 0x00000000d5580000)
  object space 53248K, 14% used [0x0000000080000000,0x00000000807a0b20,0x0000000083400000)
 Metaspace       used 28090K, capacity 28832K, committed 28976K, reserved 1075200K
  class space    used 3879K, capacity 4135K, committed 4144K, reserved 1048576K
Event: 2.403 GC heap after
Heap after GC invocations=8 (full 1):
 PSYoungGen      total 70656K, used 5116K [0x00000000d5580000, 0x00000000d9f80000, 0x0000000100000000)
  eden space 65536K, 0% used [0x00000000d5580000,0x00000000d5580000,0x00000000d9580000)
  from space 5120K, 99% used [0x00000000d9580000,0x00000000d9a7f308,0x00000000d9a80000)
  to   space 5120K, 0% used [0x00000000d9a80000,0x00000000d9a80000,0x00000000d9f80000)
 ParOldGen       total 53248K, used 10798K [0x0000000080000000, 0x0000000083400000, 0x00000000d5580000)
  object space 53248K, 20% used [0x0000000080000000,0x0000000080a8bbd8,0x0000000083400000)
 Metaspace       used 28090K, capacity 28832K, committed 28976K, reserved 1075200K
  class space    used 3879K, capacity 4135K, committed 4144K, reserved 1048576K
}
Event: 2.843 GC heap before
{Heap before GC invocations=9 (full 1):
 PSYoungGen      total 70656K, used 70652K [0x00000000d5580000, 0x00000000d9f80000, 0x0000000100000000)
  eden space 65536K, 100% used [0x00000000d5580000,0x00000000d9580000,0x00000000d9580000)
  from space 5120K, 99% used [0x00000000d9580000,0x00000000d9a7f308,0x00000000d9a80000)
  to   space 5120K, 0% used [0x00000000d9a80000,0x00000000d9a80000,0x00000000d9f80000)
 ParOldGen       total 53248K, used 10798K [0x0000000080000000, 0x0000000083400000, 0x00000000d5580000)
  object space 53248K, 20% used [0x0000000080000000,0x0000000080a8bbd8,0x0000000083400000)
 Metaspace       used 33418K, capacity 34276K, committed 34480K, reserved 1079296K
  class space    used 4477K, capacity 4737K, committed 4784K, reserved 1048576K
Event: 2.848 GC heap after
Heap after GC invocations=9 (full 1):
 PSYoungGen      total 70656K, used 5092K [0x00000000d5580000, 0x00000000d9f80000, 0x0000000100000000)
  eden space 65536K, 0% used [0x00000000d5580000,0x00000000d5580000,0x00000000d9580000)
  from space 5120K, 99% used [0x00000000d9a80000,0x00000000d9f790a0,0x00000000d9f80000)
  to   space 5120K, 0% used [0x00000000d9580000,0x00000000d9580000,0x00000000d9a80000)
 ParOldGen       total 53248K, used 15089K [0x0000000080000000, 0x0000000083400000, 0x00000000d5580000)
  object space 53248K, 28% used [0x0000000080000000,0x0000000080ebc580,0x0000000083400000)
 Metaspace       used 33418K, capacity 34276K, committed 34480K, reserved 1079296K
  class space    used 4477K, capacity 4737K, committed 4784K, reserved 1048576K
}
Event: 2.957 GC heap before
{Heap before GC invocations=10 (full 1):
 PSYoungGen      total 70656K, used 14818K [0x00000000d5580000, 0x00000000d9f80000, 0x0000000100000000)
  eden space 65536K, 14% used [0x00000000d5580000,0x00000000d5eff788,0x00000000d9580000)
  from space 5120K, 99% used [0x00000000d9a80000,0x00000000d9f790a0,0x00000000d9f80000)
  to   space 5120K, 0% used [0x00000000d9580000,0x00000000d9580000,0x00000000d9a80000)
 ParOldGen       total 53248K, used 15089K [0x0000000080000000, 0x0000000083400000, 0x00000000d5580000)
  object space 53248K, 28% used [0x0000000080000000,0x0000000080ebc580,0x0000000083400000)
 Metaspace       used 34577K, capacity 35394K, committed 35496K, reserved 1079296K
  class space    used 4596K, capacity 4847K, committed 4912K, reserved 1048576K
Event: 2.962 GC heap after
Heap after GC invocations=10 (full 1):
 PSYoungGen      total 70656K, used 5120K [0x00000000d5580000, 0x00000000d9f80000, 0x0000000100000000)
  eden space 65536K, 0% used [0x00000000d5580000,0x00000000d5580000,0x00000000d9580000)
  from space 5120K, 100% used [0x00000000d9580000,0x00000000d9a80000,0x00000000d9a80000)
  to   space 5120K, 0% used [0x00000000d9a80000,0x00000000d9a80000,0x00000000d9f80000)
 ParOldGen       total 53248K, used 16676K [0x0000000080000000, 0x0000000083400000, 0x00000000d5580000)
  object space 53248K, 31% used [0x0000000080000000,0x0000000081049028,0x0000000083400000)
 Metaspace       used 34577K, capacity 35394K, committed 35496K, reserved 1079296K
  class space    used 4596K, capacity 4847K, committed 4912K, reserved 1048576K
}
Event: 2.962 GC heap before
{Heap before GC invocations=11 (full 2):
 PSYoungGen      total 70656K, used 5120K [0x00000000d5580000, 0x00000000d9f80000, 0x0000000100000000)
  eden space 65536K, 0% used [0x00000000d5580000,0x00000000d5580000,0x00000000d9580000)
  from space 5120K, 100% used [0x00000000d9580000,0x00000000d9a80000,0x00000000d9a80000)
  to   space 5120K, 0% used [0x00000000d9a80000,0x00000000d9a80000,0x00000000d9f80000)
 ParOldGen       total 53248K, used 16676K [0x0000000080000000, 0x0000000083400000, 0x00000000d5580000)
  object space 53248K, 31% used [0x0000000080000000,0x0000000081049028,0x0000000083400000)
 Metaspace       used 34577K, capacity 35394K, committed 35496K, reserved 1079296K
  class space    used 4596K, capacity 4847K, committed 4912K, reserved 1048576K
Event: 2.989 GC heap after
Heap after GC invocations=11 (full 2):
 PSYoungGen      total 70656K, used 0K [0x00000000d5580000, 0x00000000d9f80000, 0x0000000100000000)
  eden space 65536K, 0% used [0x00000000d5580000,0x00000000d5580000,0x00000000d9580000)
  from space 5120K, 0% used [0x00000000d9580000,0x00000000d9580000,0x00000000d9a80000)
  to   space 5120K, 0% used [0x00000000d9a80000,0x00000000d9a80000,0x00000000d9f80000)
 ParOldGen       total 74240K, used 15024K [0x0000000080000000, 0x0000000084880000, 0x00000000d5580000)
  object space 74240K, 20% used [0x0000000080000000,0x0000000080eac358,0x0000000084880000)
 Metaspace       used 34565K, capacity 35378K, committed 35496K, reserved 1079296K
  class space    used 4592K, capacity 4843K, committed 4912K, reserved 1048576K
}

