# JRE version: OpenJDK Runtime Environment (8.0_242-b01) (build 1.8.0_242-release-1644-b01)
# Java VM: OpenJDK 64-Bit Server VM (25.242-b01 mixed mode windows-amd64 compressed oops)
Heap:
 PSYoungGen      total 273408K, used 243651K [0x00000000d5580000, 0x00000000ed280000, 0x0000000100000000)
  eden space 257024K, 94% used [0x00000000d5580000,0x00000000e4370d48,0x00000000e5080000)
  from space 16384K, 0% used [0x00000000e5080000,0x00000000e5080000,0x00000000e6080000)
  to   space 15872K, 0% used [0x00000000ec300000,0x00000000ec300000,0x00000000ed280000)
 ParOldGen       total 91648K, used 17452K [0x0000000080000000, 0x0000000085980000, 0x00000000d5580000)
  object space 91648K, 19% used [0x0000000080000000,0x000000008110b3f0,0x0000000085980000)
 Metaspace       used 52160K, capacity 54230K, committed 54440K, reserved 1095680K
  class space    used 7021K, capacity 7473K, committed 7592K, reserved 1048576K
GC Heap History (10 events):
Event: 1.944 GC heap before
{Heap before GC invocations=5 (full 0):
 PSYoungGen      total 136192K, used 12046K [0x00000000d5580000, 0x00000000ddf80000, 0x0000000100000000)
  eden space 131072K, 5% used [0x00000000d5580000,0x00000000d5c4b918,0x00000000dd580000)
  from space 5120K, 99% used [0x00000000dda80000,0x00000000ddf78030,0x00000000ddf80000)
  to   space 5120K, 0% used [0x00000000dd580000,0x00000000dd580000,0x00000000dda80000)
 ParOldGen       total 86016K, used 11546K [0x0000000080000000, 0x0000000085400000, 0x00000000d5580000)
  object space 86016K, 13% used [0x0000000080000000,0x0000000080b46980,0x0000000085400000)
 Metaspace       used 20565K, capacity 21214K, committed 21296K, reserved 1067008K
  class space    used 2890K, capacity 3093K, committed 3120K, reserved 1048576K
Event: 1.948 GC heap after
Heap after GC invocations=5 (full 0):
 PSYoungGen      total 136192K, used 5088K [0x00000000d5580000, 0x00000000e7080000, 0x0000000100000000)
  eden space 131072K, 0% used [0x00000000d5580000,0x00000000d5580000,0x00000000dd580000)
  from space 5120K, 99% used [0x00000000dd580000,0x00000000dda78010,0x00000000dda80000)
  to   space 13824K, 0% used [0x00000000e6300000,0x00000000e6300000,0x00000000e7080000)
 ParOldGen       total 86016K, used 12072K [0x0000000080000000, 0x0000000085400000, 0x00000000d5580000)
  object space 86016K, 14% used [0x0000000080000000,0x0000000080bca190,0x0000000085400000)
 Metaspace       used 20565K, capacity 21214K, committed 21296K, reserved 1067008K
  class space    used 2890K, capacity 3093K, committed 3120K, reserved 1048576K
}
Event: 1.948 GC heap before
{Heap before GC invocations=6 (full 1):
 PSYoungGen      total 136192K, used 5088K [0x00000000d5580000, 0x00000000e7080000, 0x0000000100000000)
  eden space 131072K, 0% used [0x00000000d5580000,0x00000000d5580000,0x00000000dd580000)
  from space 5120K, 99% used [0x00000000dd580000,0x00000000dda78010,0x00000000dda80000)
  to   space 13824K, 0% used [0x00000000e6300000,0x00000000e6300000,0x00000000e7080000)
 ParOldGen       total 86016K, used 12072K [0x0000000080000000, 0x0000000085400000, 0x00000000d5580000)
  object space 86016K, 14% used [0x0000000080000000,0x0000000080bca190,0x0000000085400000)
 Metaspace       used 20565K, capacity 21214K, committed 21296K, reserved 1067008K
  class space    used 2890K, capacity 3093K, committed 3120K, reserved 1048576K
Event: 1.976 GC heap after
Heap after GC invocations=6 (full 1):
 PSYoungGen      total 136192K, used 0K [0x00000000d5580000, 0x00000000e7080000, 0x0000000100000000)
  eden space 131072K, 0% used [0x00000000d5580000,0x00000000d5580000,0x00000000dd580000)
  from space 5120K, 0% used [0x00000000dd580000,0x00000000dd580000,0x00000000dda80000)
  to   space 13824K, 0% used [0x00000000e6300000,0x00000000e6300000,0x00000000e7080000)
 ParOldGen       total 61952K, used 10441K [0x0000000080000000, 0x0000000083c80000, 0x00000000d5580000)
  object space 61952K, 16% used [0x0000000080000000,0x0000000080a32538,0x0000000083c80000)
 Metaspace       used 20565K, capacity 21214K, committed 21296K, reserved 1067008K
  class space    used 2890K, capacity 3093K, committed 3120K, reserved 1048576K
}
Event: 2.874 GC heap before
{Heap before GC invocations=7 (full 1):
 PSYoungGen      total 136192K, used 131072K [0x00000000d5580000, 0x00000000e7080000, 0x0000000100000000)
  eden space 131072K, 100% used [0x00000000d5580000,0x00000000dd580000,0x00000000dd580000)
  from space 5120K, 0% used [0x00000000dd580000,0x00000000dd580000,0x00000000dda80000)
  to   space 13824K, 0% used [0x00000000e6300000,0x00000000e6300000,0x00000000e7080000)
 ParOldGen       total 61952K, used 10441K [0x0000000080000000, 0x0000000083c80000, 0x00000000d5580000)
  object space 61952K, 16% used [0x0000000080000000,0x0000000080a32538,0x0000000083c80000)
 Metaspace       used 32098K, capacity 32994K, committed 33072K, reserved 1077248K
  class space    used 4347K, capacity 4624K, committed 4656K, reserved 1048576K
Event: 2.885 GC heap after
Heap after GC invocations=7 (full 1):
 PSYoungGen      total 229888K, used 13330K [0x00000000d5580000, 0x00000000e7080000, 0x0000000100000000)
  eden space 216064K, 0% used [0x00000000d5580000,0x00000000d5580000,0x00000000e2880000)
  from space 13824K, 96% used [0x00000000e6300000,0x00000000e7004bd0,0x00000000e7080000)
  to   space 16384K, 0% used [0x00000000e5080000,0x00000000e5080000,0x00000000e6080000)
 ParOldGen       total 61952K, used 10449K [0x0000000080000000, 0x0000000083c80000, 0x00000000d5580000)
  object space 61952K, 16% used [0x0000000080000000,0x0000000080a34538,0x0000000083c80000)
 Metaspace       used 32098K, capacity 32994K, committed 33072K, reserved 1077248K
  class space    used 4347K, capacity 4624K, committed 4656K, reserved 1048576K
}
Event: 3.198 GC heap before
{Heap before GC invocations=8 (full 1):
 PSYoungGen      total 229888K, used 59392K [0x00000000d5580000, 0x00000000e7080000, 0x0000000100000000)
  eden space 216064K, 21% used [0x00000000d5580000,0x00000000d827b6c0,0x00000000e2880000)
  from space 13824K, 96% used [0x00000000e6300000,0x00000000e7004bd0,0x00000000e7080000)
  to   space 16384K, 0% used [0x00000000e5080000,0x00000000e5080000,0x00000000e6080000)
 ParOldGen       total 61952K, used 10449K [0x0000000080000000, 0x0000000083c80000, 0x00000000d5580000)
  object space 61952K, 16% used [0x0000000080000000,0x0000000080a34538,0x0000000083c80000)
 Metaspace       used 34364K, capacity 35414K, committed 35496K, reserved 1079296K
  class space    used 4678K, capacity 4974K, committed 5032K, reserved 1048576K
Event: 3.208 GC heap after
Heap after GC invocations=8 (full 1):
 PSYoungGen      total 273408K, used 10115K [0x00000000d5580000, 0x00000000ed280000, 0x0000000100000000)
  eden space 257024K, 0% used [0x00000000d5580000,0x00000000d5580000,0x00000000e5080000)
  from space 16384K, 61% used [0x00000000e5080000,0x00000000e5a60cc0,0x00000000e6080000)
  to   space 15872K, 0% used [0x00000000ec300000,0x00000000ec300000,0x00000000ed280000)
 ParOldGen       total 61952K, used 10457K [0x0000000080000000, 0x0000000083c80000, 0x00000000d5580000)
  object space 61952K, 16% used [0x0000000080000000,0x0000000080a36538,0x0000000083c80000)
 Metaspace       used 34364K, capacity 35414K, committed 35496K, reserved 1079296K
  class space    used 4678K, capacity 4974K, committed 5032K, reserved 1048576K
}
Event: 3.208 GC heap before
{Heap before GC invocations=9 (full 2):
 PSYoungGen      total 273408K, used 10115K [0x00000000d5580000, 0x00000000ed280000, 0x0000000100000000)
  eden space 257024K, 0% used [0x00000000d5580000,0x00000000d5580000,0x00000000e5080000)
  from space 16384K, 61% used [0x00000000e5080000,0x00000000e5a60cc0,0x00000000e6080000)
  to   space 15872K, 0% used [0x00000000ec300000,0x00000000ec300000,0x00000000ed280000)
 ParOldGen       total 61952K, used 10457K [0x0000000080000000, 0x0000000083c80000, 0x00000000d5580000)
  object space 61952K, 16% used [0x0000000080000000,0x0000000080a36538,0x0000000083c80000)
 Metaspace       used 34364K, capacity 35414K, committed 35496K, reserved 1079296K
  class space    used 4678K, capacity 4974K, committed 5032K, reserved 1048576K
Event: 3.267 GC heap after
Heap after GC invocations=9 (full 2):
 PSYoungGen      total 273408K, used 0K [0x00000000d5580000, 0x00000000ed280000, 0x0000000100000000)
  eden space 257024K, 0% used [0x00000000d5580000,0x00000000d5580000,0x00000000e5080000)
  from space 16384K, 0% used [0x00000000e5080000,0x00000000e5080000,0x00000000e6080000)
  to   space 15872K, 0% used [0x00000000ec300000,0x00000000ec300000,0x00000000ed280000)
 ParOldGen       total 91648K, used 17452K [0x0000000080000000, 0x0000000085980000, 0x00000000d5580000)
  object space 91648K, 19% used [0x0000000080000000,0x000000008110b3f0,0x0000000085980000)
 Metaspace       used 34364K, capacity 35414K, committed 35496K, reserved 1079296K
  class space    used 4678K, capacity 4974K, committed 5032K, reserved 1048576K
}

